<?xml version="1.0" encoding="UTF-8"?>
<testng-results skipped="0" failed="0" ignored="0" total="1" passed="1">
  <reporter-output>
  </reporter-output>
  <suite name="Test Project Automation Suite" duration-ms="12641" started-at="2019-05-06T23:20:51Z" finished-at="2019-05-06T23:21:03Z">
    <groups>
    </groups>
    <test name="Functional Automation Tests" duration-ms="12641" started-at="2019-05-06T23:20:51Z" finished-at="2019-05-06T23:21:03Z">
      <class name="com.qa.testcases.LoginPageTest">
        <test-method status="PASS" signature="setUp()[pri:0, instance:com.qa.testcases.LoginPageTest@429bd883]" name="setUp" is-config="true" duration-ms="11621" started-at="2019-05-06T23:20:51Z" finished-at="2019-05-06T23:21:02Z">
          <reporter-output>
          </reporter-output>
        </test-method> <!-- setUp -->
        <test-method status="PASS" signature="successfulLoginTest()[pri:0, instance:com.qa.testcases.LoginPageTest@429bd883]" name="successfulLoginTest" duration-ms="388" started-at="2019-05-06T23:21:02Z" finished-at="2019-05-06T23:21:03Z">
          <reporter-output>
          </reporter-output>
        </test-method> <!-- successfulLoginTest -->
        <test-method status="PASS" signature="tearDown()[pri:0, instance:com.qa.testcases.LoginPageTest@429bd883]" name="tearDown" is-config="true" duration-ms="598" started-at="2019-05-06T23:21:03Z" finished-at="2019-05-06T23:21:03Z">
          <reporter-output>
          </reporter-output>
        </test-method> <!-- tearDown -->
      </class> <!-- com.qa.testcases.LoginPageTest -->
    </test> <!-- Functional Automation Tests -->
  </suite> <!-- Test Project Automation Suite -->
</testng-results>
